12:29:58.183 [main] DEBUG com.intuit.karate.Suite - [config] classpath:karate-config.js
12:29:59.566 [main] INFO  com.intuit.karate - [print] xray simple requirement 
12:30:00.278 [main] INFO  com.intuit.karate - [print] second 
12:30:00.285 [main] INFO  com.intuit.karate - [print] system property foo: null 
12:30:00.740 [main] DEBUG com.intuit.karate.Suite - [config] classpath:karate-config.js
12:30:00.814 [main] INFO  com.intuit.karate - [print] setup 
12:30:00.827 [main] INFO  com.intuit.karate - [print] xray simple example 
12:30:00.837 [main] INFO  com.intuit.karate - [print] xray simple requirement 
12:30:00.844 [main] INFO  com.intuit.karate - [print] xray simple test 
12:30:00.852 [main] INFO  com.intuit.karate - [print] without additional tags 
12:30:01.010 [main] INFO  com.intuit.karate - [print] dummy 
12:30:01.078 [main] INFO  com.intuit.karate - [print] smoke 
12:30:01.132 [main] INFO  com.intuit.karate - [print] hello 
12:30:01.142 [main] INFO  com.intuit.karate - [print] second 
12:30:01.194 [main] INFO  com.intuit.karate - [print] background 
12:30:01.197 [main] INFO  com.intuit.karate - [print] dynamic_1 
12:30:01.205 [main] INFO  com.intuit.karate - [print] background 
12:30:01.208 [main] INFO  com.intuit.karate - [print] dynamic_2 
12:30:01.221 [main] INFO  com.intuit.karate - [print] background 
12:30:01.224 [main] INFO  com.intuit.karate - [print] static_1 
12:30:01.232 [main] INFO  com.intuit.karate - [print] background 
12:30:01.235 [main] INFO  com.intuit.karate - [print] static_2 
12:30:01.389 [main] INFO  com.intuit.karate - [print] first 
12:30:01.394 [main] INFO  com.intuit.karate - [print] second 
12:30:01.396 [main] INFO  com.intuit.karate - [print] system property foo: null 
12:30:01.601 [main] DEBUG com.intuit.karate.Suite - [config] classpath:karate-config.js
12:30:01.608 [main] INFO  com.intuit.karate - [print] dummy 
12:30:01.739 [main] DEBUG com.intuit.karate.Suite - [config] classpath:karate-config.js
12:30:01.759 [main] INFO  com.intuit.karate - [print] second 
12:30:01.761 [main] INFO  com.intuit.karate - [print] system property foo: null 
12:30:01.838 [main] INFO  com.intuit.karate.Runner - karate.env is: 'e2e'
12:30:01.840 [main] DEBUG com.intuit.karate.Suite - [config] classpath:karate-config.js
12:30:01.850 [main] INFO  com.intuit.karate - [print] second 
12:30:01.851 [main] INFO  com.intuit.karate - [print] system property foo: bar 
12:30:01.985 [main] DEBUG com.intuit.karate.Suite - [config] classpath:karate-config.js
12:30:01.991 [main] INFO  com.intuit.karate - [print] hello 
12:30:01.996 [main] INFO  com.intuit.karate - [print] second 
12:30:02.107 [main] DEBUG com.intuit.karate.Suite - [config] classpath:karate-config.js
12:30:02.122 [main] INFO  com.intuit.karate - [print] first 
14:03:04.067 [main] DEBUG com.intuit.karate.Suite - [config] classpath:karate-config.js
14:03:04.910 [main] INFO  com.intuit.karate - [print] xray simple requirement 
14:03:05.314 [main] INFO  com.intuit.karate - [print] second 
14:03:05.318 [main] INFO  com.intuit.karate - [print] system property foo: null 
14:03:05.591 [main] DEBUG com.intuit.karate.Suite - [config] classpath:karate-config.js
14:03:05.619 [main] INFO  com.intuit.karate - [print] setup 
14:03:05.626 [main] INFO  com.intuit.karate - [print] xray simple example 
14:03:05.632 [main] INFO  com.intuit.karate - [print] xray simple requirement 
14:03:05.644 [main] INFO  com.intuit.karate - [print] xray simple test 
14:03:05.654 [main] INFO  com.intuit.karate - [print] without additional tags 
14:03:05.718 [main] INFO  com.intuit.karate - [print] dummy 
14:03:05.758 [main] INFO  com.intuit.karate - [print] smoke 
14:03:05.810 [main] INFO  com.intuit.karate - [print] hello 
14:03:05.815 [main] INFO  com.intuit.karate - [print] second 
14:03:05.865 [main] INFO  com.intuit.karate - [print] background 
14:03:05.865 [main] INFO  com.intuit.karate - [print] dynamic_1 
14:03:05.870 [main] INFO  com.intuit.karate - [print] background 
14:03:05.871 [main] INFO  com.intuit.karate - [print] dynamic_2 
14:03:05.876 [main] INFO  com.intuit.karate - [print] background 
14:03:05.878 [main] INFO  com.intuit.karate - [print] static_1 
14:03:05.881 [main] INFO  com.intuit.karate - [print] background 
14:03:05.882 [main] INFO  com.intuit.karate - [print] static_2 
14:03:06.000 [main] INFO  com.intuit.karate - [print] first 
14:03:06.006 [main] INFO  com.intuit.karate - [print] second 
14:03:06.007 [main] INFO  com.intuit.karate - [print] system property foo: null 
14:03:06.126 [main] DEBUG com.intuit.karate.Suite - [config] classpath:karate-config.js
14:03:06.131 [main] INFO  com.intuit.karate - [print] dummy 
14:03:06.201 [main] DEBUG com.intuit.karate.Suite - [config] classpath:karate-config.js
14:03:06.207 [main] INFO  com.intuit.karate - [print] second 
14:03:06.207 [main] INFO  com.intuit.karate - [print] system property foo: null 
14:03:06.261 [main] INFO  com.intuit.karate.Runner - karate.env is: 'e2e'
14:03:06.263 [main] DEBUG com.intuit.karate.Suite - [config] classpath:karate-config.js
14:03:06.270 [main] INFO  com.intuit.karate - [print] second 
14:03:06.271 [main] INFO  com.intuit.karate - [print] system property foo: bar 
14:03:06.324 [main] DEBUG com.intuit.karate.Suite - [config] classpath:karate-config.js
14:03:06.332 [main] INFO  com.intuit.karate - [print] hello 
14:03:06.337 [main] INFO  com.intuit.karate - [print] second 
14:03:06.392 [main] DEBUG com.intuit.karate.Suite - [config] classpath:karate-config.js
14:03:06.397 [main] INFO  com.intuit.karate - [print] first 
14:10:28.947 [main] DEBUG com.intuit.karate.Suite - [config] classpath:karate-config.js
14:10:29.751 [main] INFO  com.intuit.karate - [print] hello 
14:10:29.765 [main] INFO  com.intuit.karate - [print] second 
14:10:39.688 [main] DEBUG com.intuit.karate.Suite - [config] classpath:karate-config.js
14:10:40.585 [main] INFO  com.intuit.karate - [print] hello 
14:10:40.604 [main] INFO  com.intuit.karate - [print] second 
14:11:52.760 [main] DEBUG com.intuit.karate.Suite - [config] classpath:karate-config.js
14:11:53.576 [main] INFO  com.intuit.karate - [print] hello 
14:11:53.596 [main] INFO  com.intuit.karate - [print] second 
